2024-07-17 13:39:07.890 [info] Added views:workbench.panel.markers.view in workbench.panel.markers
2024-07-17 13:39:07.890 [info] Added views:workbench.panel.output in workbench.panel.output
2024-07-17 13:39:07.890 [info] Added views:terminal in terminal
2024-07-17 13:39:07.890 [info] Added views:outline in workbench.view.explorer
2024-07-17 13:39:07.890 [info] Added views:workbench.scm in workbench.view.scm
2024-07-17 13:39:07.890 [info] Added views:workbench.view.search in workbench.view.search
2024-07-17 13:39:07.890 [info] Added views:timeline in workbench.view.explorer
2024-07-17 13:39:07.890 [info] Added views:workbench.explorer.emptyView in workbench.view.explorer
2024-07-17 13:39:08.467 [info] Added views:workbench.debug.welcome in workbench.view.debug
2024-07-17 13:39:09.620 [info] Added views:~remote.forwardedPorts in ~remote.forwardedPortsContainer
2024-07-17 13:39:09.823 [info] Added views:workbench.panel.repl.view in workbench.panel.repl
2024-07-17 13:39:29.064 [info] Added views:workbench.view.testing in workbench.view.extension.test
2024-07-17 13:39:29.098 [info] Added views:dartDependencyTree in workbench.view.explorer
2024-07-17 13:39:42.468 [info] Removed views:workbench.view.testing from workbench.view.extension.test
2024-07-17 13:39:44.067 [info] Added views:workbench.panel.markers.view in workbench.panel.markers
2024-07-17 13:39:44.068 [info] Added views:workbench.panel.output in workbench.panel.output
2024-07-17 13:39:44.068 [info] Added views:terminal in terminal
2024-07-17 13:39:44.068 [info] Added views:outline in workbench.view.explorer
2024-07-17 13:39:44.068 [info] Added views:workbench.scm in workbench.view.scm
2024-07-17 13:39:44.068 [info] Added views:workbench.view.search in workbench.view.search
2024-07-17 13:39:44.068 [info] Added views:timeline in workbench.view.explorer
2024-07-17 13:39:44.068 [info] Added views:workbench.explorer.fileView in workbench.view.explorer
2024-07-17 13:39:44.717 [info] Added views:workbench.debug.variablesView,workbench.debug.watchExpressionsView,workbench.debug.callStackView,workbench.debug.breakPointsView in workbench.view.debug
2024-07-17 13:39:44.970 [info] Added views:workbench.panel.repl.view in workbench.panel.repl
2024-07-17 13:39:44.972 [info] Removed views:workbench.debug.breakPointsView,workbench.debug.callStackView,workbench.debug.watchExpressionsView,workbench.debug.variablesView from workbench.view.debug
2024-07-17 13:39:44.973 [info] Added views:workbench.debug.welcome in workbench.view.debug
2024-07-17 13:39:45.205 [info] Added views:~remote.forwardedPorts in ~remote.forwardedPortsContainer
2024-07-17 13:40:01.231 [info] Added views:workbench.view.testing in workbench.view.extension.test
2024-07-17 13:40:01.287 [info] Added views:dartDependencyTree in workbench.view.explorer
2024-07-17 13:40:01.296 [info] Added views:dartFlutterSidebar,dartFlutterOutline in workbench.view.extension.flutter
2024-07-17 13:40:18.601 [info] Added views:workbench.debug.breakPointsView in workbench.view.debug
2024-07-17 13:40:53.283 [info] Added views:workbench.views.extensions.installed,workbench.views.extensions.popular,extensions.recommendedList in workbench.view.extensions
2024-07-17 13:40:53.290 [info] Removed views:workbench.views.extensions.popular from workbench.view.extensions
2024-07-17 13:46:51.972 [info] Removed views:extensions.recommendedList,workbench.views.extensions.installed from workbench.view.extensions
2024-07-17 13:46:51.991 [info] Added views:workbench.views.extensions.marketplace in workbench.view.extensions
