2024-07-18 10:46:38.155 [info] Log level: Info
2024-07-18 10:46:38.155 [info] Validating found git in: "git"
2024-07-18 10:46:38.155 [info] Using git "2.45.2" from "git"
2024-07-18 10:46:53.681 [info] Log level: Info
2024-07-18 10:46:53.681 [info] Validating found git in: "git"
2024-07-18 10:46:53.681 [info] Using git "2.45.2" from "git"
2024-07-18 10:46:53.681 [info] > git rev-parse --show-toplevel [13ms]
2024-07-18 10:46:53.681 [info] fatal: not a git repository (or any of the parent directories): .git
2024-07-18 10:46:53.697 [info] > git rev-parse --show-toplevel [11ms]
2024-07-18 10:46:53.697 [info] fatal: not a git repository (or any of the parent directories): .git
2024-07-18 10:46:53.724 [info] > git rev-parse --show-toplevel [2ms]
2024-07-18 10:46:53.724 [info] fatal: not a git repository (or any of the parent directories): .git
2024-07-18 10:46:53.730 [info] > git rev-parse --show-toplevel [2ms]
2024-07-18 10:46:53.730 [info] fatal: not a git repository (or any of the parent directories): .git
2024-07-18 10:46:53.735 [info] > git rev-parse --show-toplevel [2ms]
2024-07-18 10:46:53.735 [info] fatal: not a git repository (or any of the parent directories): .git
2024-07-18 10:46:53.742 [info] > git rev-parse --show-toplevel [1ms]
2024-07-18 10:46:53.742 [info] fatal: not a git repository (or any of the parent directories): .git
2024-07-18 10:46:53.747 [info] > git rev-parse --show-toplevel [1ms]
2024-07-18 10:46:53.747 [info] fatal: not a git repository (or any of the parent directories): .git
2024-07-18 10:46:53.754 [info] > git rev-parse --show-toplevel [2ms]
2024-07-18 10:46:53.754 [info] fatal: not a git repository (or any of the parent directories): .git
2024-07-18 10:46:53.760 [info] > git rev-parse --show-toplevel [2ms]
2024-07-18 10:46:53.760 [info] fatal: not a git repository (or any of the parent directories): .git
2024-07-18 10:46:53.766 [info] > git rev-parse --show-toplevel [2ms]
2024-07-18 10:46:53.766 [info] fatal: not a git repository (or any of the parent directories): .git
2024-07-18 10:46:53.773 [info] > git rev-parse --show-toplevel [2ms]
2024-07-18 10:46:53.773 [info] fatal: not a git repository (or any of the parent directories): .git
2024-07-18 10:46:53.779 [info] > git rev-parse --show-toplevel [1ms]
2024-07-18 10:46:53.779 [info] fatal: not a git repository (or any of the parent directories): .git
2024-07-18 10:46:54.021 [info] > git rev-parse --show-toplevel [8ms]
2024-07-18 10:46:54.021 [info] fatal: not a git repository (or any of the parent directories): .git
2024-07-18 10:47:10.689 [info] > git rev-parse --show-toplevel [16ms]
2024-07-18 10:47:10.689 [info] fatal: not a git repository (or any of the parent directories): .git
