2024-07-12 12:32:04.384 [info] Added views:workbench.panel.markers.view in workbench.panel.markers
2024-07-12 12:32:04.384 [info] Added views:workbench.panel.output in workbench.panel.output
2024-07-12 12:32:04.384 [info] Added views:terminal in terminal
2024-07-12 12:32:04.384 [info] Added views:outline in workbench.view.explorer
2024-07-12 12:32:04.384 [info] Added views:workbench.scm in workbench.view.scm
2024-07-12 12:32:04.384 [info] Added views:workbench.view.search in workbench.view.search
2024-07-12 12:32:04.384 [info] Added views:timeline in workbench.view.explorer
2024-07-12 12:32:04.384 [info] Added views:workbench.explorer.emptyView in workbench.view.explorer
2024-07-12 12:32:04.975 [info] Added views:workbench.debug.variablesView,workbench.debug.watchExpressionsView,workbench.debug.callStackView,workbench.debug.breakPointsView in workbench.view.debug
2024-07-12 12:32:06.059 [info] Added views:workbench.views.extensions.installed,workbench.views.extensions.popular,extensions.recommendedList in workbench.view.extensions
2024-07-12 12:32:06.061 [info] Removed views:workbench.views.extensions.popular from workbench.view.extensions
2024-07-12 12:32:06.700 [info] Added views:~remote.forwardedPorts in ~remote.forwardedPortsContainer
2024-07-12 12:32:06.832 [info] Added views:workbench.views.extensions.popular in workbench.view.extensions
2024-07-12 12:32:06.992 [info] Added views:workbench.panel.repl.view in workbench.panel.repl
2024-07-12 12:32:06.994 [info] Removed views:workbench.debug.breakPointsView,workbench.debug.callStackView,workbench.debug.watchExpressionsView,workbench.debug.variablesView from workbench.view.debug
2024-07-12 12:32:06.995 [info] Added views:workbench.debug.welcome in workbench.view.debug
2024-07-12 12:32:09.098 [info] Removed views:extensions.recommendedList,workbench.views.extensions.popular,workbench.views.extensions.installed from workbench.view.extensions
2024-07-12 12:32:09.116 [info] Added views:workbench.views.extensions.marketplace in workbench.view.extensions
2024-07-12 15:34:55.824 [info] Added views:workbench.view.testing in workbench.view.extension.test
2024-07-12 15:34:55.849 [info] Added views:dartDependencyTree in workbench.view.explorer
2024-07-12 15:35:21.657 [info] Removed views:workbench.view.testing from workbench.view.extension.test
2024-07-12 15:35:23.332 [info] Added views:workbench.panel.markers.view in workbench.panel.markers
2024-07-12 15:35:23.332 [info] Added views:workbench.panel.output in workbench.panel.output
2024-07-12 15:35:23.332 [info] Added views:terminal in terminal
2024-07-12 15:35:23.332 [info] Added views:outline in workbench.view.explorer
2024-07-12 15:35:23.332 [info] Added views:workbench.scm in workbench.view.scm
2024-07-12 15:35:23.332 [info] Added views:workbench.view.search in workbench.view.search
2024-07-12 15:35:23.332 [info] Added views:timeline in workbench.view.explorer
2024-07-12 15:35:23.332 [info] Added views:workbench.explorer.fileView in workbench.view.explorer
2024-07-12 15:35:24.152 [info] Added views:workbench.debug.variablesView,workbench.debug.watchExpressionsView,workbench.debug.callStackView,workbench.debug.breakPointsView in workbench.view.debug
2024-07-12 15:35:24.187 [info] Added views:workbench.panel.repl.view in workbench.panel.repl
2024-07-12 15:35:24.189 [info] Removed views:workbench.debug.breakPointsView,workbench.debug.callStackView,workbench.debug.watchExpressionsView,workbench.debug.variablesView from workbench.view.debug
2024-07-12 15:35:24.190 [info] Added views:workbench.debug.welcome in workbench.view.debug
2024-07-12 15:35:24.359 [info] Added views:~remote.forwardedPorts in ~remote.forwardedPortsContainer
2024-07-12 15:35:31.019 [info] Added views:workbench.view.testing in workbench.view.extension.test
2024-07-12 15:35:31.061 [info] Added views:dartDependencyTree in workbench.view.explorer
2024-07-12 15:35:31.075 [info] Added views:dartFlutterSidebar,dartFlutterOutline in workbench.view.extension.flutter
