2024-07-18 10:46:35.967 [info] Added views:workbench.panel.markers.view in workbench.panel.markers
2024-07-18 10:46:35.967 [info] Added views:workbench.panel.output in workbench.panel.output
2024-07-18 10:46:35.967 [info] Added views:terminal in terminal
2024-07-18 10:46:35.967 [info] Added views:outline in workbench.view.explorer
2024-07-18 10:46:35.967 [info] Added views:workbench.scm in workbench.view.scm
2024-07-18 10:46:35.967 [info] Added views:workbench.view.search in workbench.view.search
2024-07-18 10:46:35.967 [info] Added views:timeline in workbench.view.explorer
2024-07-18 10:46:35.967 [info] Added views:workbench.explorer.emptyView in workbench.view.explorer
2024-07-18 10:46:36.357 [info] Added views:workbench.debug.welcome in workbench.view.debug
2024-07-18 10:46:37.406 [info] Added views:~remote.forwardedPorts in ~remote.forwardedPortsContainer
2024-07-18 10:46:37.537 [info] Added views:workbench.panel.repl.view in workbench.panel.repl
2024-07-18 10:46:51.029 [info] Added views:workbench.panel.markers.view in workbench.panel.markers
2024-07-18 10:46:51.029 [info] Added views:workbench.panel.output in workbench.panel.output
2024-07-18 10:46:51.029 [info] Added views:terminal in terminal
2024-07-18 10:46:51.029 [info] Added views:outline in workbench.view.explorer
2024-07-18 10:46:51.029 [info] Added views:workbench.scm in workbench.view.scm
2024-07-18 10:46:51.029 [info] Added views:workbench.view.search in workbench.view.search
2024-07-18 10:46:51.029 [info] Added views:timeline in workbench.view.explorer
2024-07-18 10:46:51.029 [info] Added views:workbench.explorer.fileView in workbench.view.explorer
2024-07-18 10:46:51.540 [info] Added views:workbench.debug.welcome in workbench.view.debug
2024-07-18 10:46:52.277 [info] Added views:workbench.panel.repl.view in workbench.panel.repl
2024-07-18 10:46:52.702 [info] Added views:~remote.forwardedPorts in ~remote.forwardedPortsContainer
2024-07-18 10:46:52.982 [info] Added views:workbench.view.testing in workbench.view.extension.test
2024-07-18 10:46:53.054 [info] Added views:dartDependencyTree in workbench.view.explorer
2024-07-18 10:46:53.062 [info] Added views:dartFlutterSidebar,dartFlutterOutline in workbench.view.extension.flutter
