2024-07-18 10:46:37.503 [info] Extension host with pid 4914 started
2024-07-18 10:46:37.539 [info] ExtensionService#_doActivateExtension vscode.git-base, startup: true, activationEvent: '*', root cause: vscode.git
2024-07-18 10:46:37.581 [info] ExtensionService#_doActivateExtension vscode.git, startup: true, activationEvent: '*'
2024-07-18 10:46:37.640 [info] ExtensionService#_doActivateExtension vscode.github, startup: true, activationEvent: '*'
2024-07-18 10:46:37.911 [info] Eager extensions activated
2024-07-18 10:46:37.938 [info] ExtensionService#_doActivateExtension vscode.debug-auto-launch, startup: false, activationEvent: 'onStartupFinished'
2024-07-18 10:46:38.010 [info] ExtensionService#_doActivateExtension vscode.merge-conflict, startup: false, activationEvent: 'onStartupFinished'
2024-07-18 10:46:50.201 [info] Extension host terminating: renderer closed the MessagePort
2024-07-18 10:46:50.209 [info] Extension host with pid 4914 exiting with code 0
2024-07-18 10:46:52.095 [info] Extension host with pid 5057 started
2024-07-18 10:46:52.095 [info] Skipping acquiring lock for /home/tails/.config/Code - OSS/User/workspaceStorage/5c6afe199898a811ed2c92e1f9c4dd4a.
2024-07-18 10:46:52.275 [info] ExtensionService#_doActivateExtension vscode.emmet, startup: false, activationEvent: 'onLanguage'
2024-07-18 10:46:52.306 [info] ExtensionService#_doActivateExtension Dart-Code.dart-code, startup: false, activationEvent: 'onLanguage:dart'
2024-07-18 10:46:53.348 [info] ExtensionService#_doActivateExtension Dart-Code.flutter, startup: false, activationEvent: 'api', root cause: Dart-Code.dart-code
2024-07-18 10:46:53.367 [info] ExtensionService#_doActivateExtension vscode.git-base, startup: true, activationEvent: '*', root cause: vscode.git
2024-07-18 10:46:53.478 [info] ExtensionService#_doActivateExtension vscode.git, startup: true, activationEvent: '*'
2024-07-18 10:46:53.539 [info] ExtensionService#_doActivateExtension vscode.github, startup: true, activationEvent: '*'
2024-07-18 10:46:53.620 [info] Eager extensions activated
2024-07-18 10:46:53.660 [info] ExtensionService#_doActivateExtension vscode.debug-auto-launch, startup: false, activationEvent: 'onStartupFinished'
2024-07-18 10:46:53.664 [info] ExtensionService#_doActivateExtension vscode.merge-conflict, startup: false, activationEvent: 'onStartupFinished'
2024-07-18 10:47:10.257 [info] ExtensionService#_doActivateExtension vscode.configuration-editing, startup: false, activationEvent: 'onLanguage:jsonc'
2024-07-18 10:47:10.338 [info] ExtensionService#_doActivateExtension vscode.json-language-features, startup: false, activationEvent: 'onLanguage:jsonc'
2024-07-18 10:47:10.495 [info] ExtensionService#_doActivateExtension vscode.typescript-language-features, startup: false, activationEvent: 'onLanguage:jsonc'
