2024-07-17 13:39:10.670 [info] Log level: Info
2024-07-17 13:39:10.670 [info] Validating found git in: "git"
2024-07-17 13:39:10.670 [info] Using git "2.45.2" from "git"
2024-07-17 13:39:53.264 [info] Log level: Info
2024-07-17 13:39:53.264 [info] Validating found git in: "git"
2024-07-17 13:39:53.264 [info] Using git "2.45.2" from "git"
2024-07-17 13:39:53.264 [info] > git rev-parse --show-toplevel [22ms]
2024-07-17 13:39:53.264 [info] fatal: not a git repository (or any of the parent directories): .git
2024-07-17 13:39:56.468 [info] > git rev-parse --show-toplevel [2ms]
2024-07-17 13:39:56.468 [info] fatal: not a git repository (or any of the parent directories): .git
2024-07-17 13:39:56.475 [info] > git rev-parse --show-toplevel [1ms]
2024-07-17 13:39:56.475 [info] fatal: not a git repository (or any of the parent directories): .git
2024-07-17 13:39:56.481 [info] > git rev-parse --show-toplevel [1ms]
2024-07-17 13:39:56.481 [info] fatal: not a git repository (or any of the parent directories): .git
2024-07-17 13:39:56.488 [info] > git rev-parse --show-toplevel [1ms]
2024-07-17 13:39:56.488 [info] fatal: not a git repository (or any of the parent directories): .git
2024-07-17 13:39:56.495 [info] > git rev-parse --show-toplevel [1ms]
2024-07-17 13:39:56.495 [info] fatal: not a git repository (or any of the parent directories): .git
2024-07-17 13:39:56.500 [info] > git rev-parse --show-toplevel [1ms]
2024-07-17 13:39:56.500 [info] fatal: not a git repository (or any of the parent directories): .git
2024-07-17 13:40:01.528 [info] > git rev-parse --show-toplevel [2ms]
2024-07-17 13:40:01.528 [info] fatal: not a git repository (or any of the parent directories): .git
2024-07-17 13:40:41.594 [info] > git rev-parse --show-toplevel [2ms]
2024-07-17 13:40:41.594 [info] fatal: not a git repository (or any of the parent directories): .git
