2024-07-17 18:34:45.519 [info] Extension host with pid 5170 started
2024-07-17 18:34:45.769 [info] ExtensionService#_doActivateExtension vscode.git-base, startup: true, activationEvent: '*', root cause: vscode.git
2024-07-17 18:34:45.861 [info] ExtensionService#_doActivateExtension vscode.git, startup: true, activationEvent: '*'
2024-07-17 18:34:45.921 [info] ExtensionService#_doActivateExtension vscode.github, startup: true, activationEvent: '*'
2024-07-17 18:34:46.688 [info] Eager extensions activated
2024-07-17 18:34:46.711 [info] ExtensionService#_doActivateExtension vscode.debug-auto-launch, startup: false, activationEvent: 'onStartupFinished'
2024-07-17 18:34:46.714 [info] ExtensionService#_doActivateExtension vscode.merge-conflict, startup: false, activationEvent: 'onStartupFinished'
2024-07-17 18:34:55.138 [info] Extension host terminating: renderer closed the MessagePort
2024-07-17 18:34:55.145 [info] Extension host with pid 5170 exiting with code 0
2024-07-17 18:34:57.035 [info] Extension host with pid 5266 started
2024-07-17 18:34:57.035 [info] Skipping acquiring lock for /home/tails/.config/Code - OSS/User/workspaceStorage/5c6afe199898a811ed2c92e1f9c4dd4a.
2024-07-17 18:34:57.229 [info] ExtensionService#_doActivateExtension vscode.emmet, startup: false, activationEvent: 'onLanguage'
2024-07-17 18:34:57.268 [info] ExtensionService#_doActivateExtension Dart-Code.dart-code, startup: false, activationEvent: 'onLanguage:dart'
2024-07-17 18:34:58.641 [info] ExtensionService#_doActivateExtension Dart-Code.flutter, startup: false, activationEvent: 'api', root cause: Dart-Code.dart-code
2024-07-17 18:34:58.790 [info] ExtensionService#_doActivateExtension vscode.git-base, startup: true, activationEvent: '*', root cause: vscode.git
2024-07-17 18:34:58.802 [info] ExtensionService#_doActivateExtension vscode.git, startup: true, activationEvent: '*'
2024-07-17 18:34:58.845 [info] ExtensionService#_doActivateExtension vscode.github, startup: true, activationEvent: '*'
2024-07-17 18:34:58.906 [info] Eager extensions activated
2024-07-17 18:34:58.979 [info] ExtensionService#_doActivateExtension vscode.debug-auto-launch, startup: false, activationEvent: 'onStartupFinished'
2024-07-17 18:34:58.981 [info] ExtensionService#_doActivateExtension vscode.merge-conflict, startup: false, activationEvent: 'onStartupFinished'
